Using pre-set license
Built from '2021.3/staging' branch; Version is '2021.3.23f1 (213b516bf396) revision 2177873'; Using compiler version '192829333'; Build Type 'Release'
OS: 'Windows 11  (10.0.22000) 64bit Core' Language: 'ru' Physical Memory: 16005 MB
BatchMode: 1, IsHumanControllingUs: 0, StartBugReporterOnCrash: 0, Is64bit: 1, IsPro: 1

COMMAND LINE ARGUMENTS:
C:\Program Files\Unity\Hub\Editor\2021.3.23f1\Editor\Unity.exe
-adb2
-batchMode
-noUpm
-name
AssetImportWorker4
-projectPath
C:/Users/nsd68/Desktop/Unity/BeatGalaxy
-logFile
Logs/AssetImportWorker4.log
-srvPort
60622
Successfully changed project path to: C:/Users/nsd68/Desktop/Unity/BeatGalaxy
C:/Users/nsd68/Desktop/Unity/BeatGalaxy
[UnityMemory] Configuration Parameters - Can be set up in boot.config
    "memorysetup-bucket-allocator-granularity=16"
    "memorysetup-bucket-allocator-bucket-count=8"
    "memorysetup-bucket-allocator-block-size=33554432"
    "memorysetup-bucket-allocator-block-count=8"
    "memorysetup-main-allocator-block-size=16777216"
    "memorysetup-thread-allocator-block-size=16777216"
    "memorysetup-gfx-main-allocator-block-size=16777216"
    "memorysetup-gfx-thread-allocator-block-size=16777216"
    "memorysetup-cache-allocator-block-size=4194304"
    "memorysetup-typetree-allocator-block-size=2097152"
    "memorysetup-profiler-bucket-allocator-granularity=16"
    "memorysetup-profiler-bucket-allocator-bucket-count=8"
    "memorysetup-profiler-bucket-allocator-block-size=33554432"
    "memorysetup-profiler-bucket-allocator-block-count=8"
    "memorysetup-profiler-allocator-block-size=16777216"
    "memorysetup-profiler-editor-allocator-block-size=1048576"
    "memorysetup-temp-allocator-size-main=16777216"
    "memorysetup-job-temp-allocator-block-size=2097152"
    "memorysetup-job-temp-allocator-block-size-background=1048576"
    "memorysetup-job-temp-allocator-reduction-small-platforms=262144"
    "memorysetup-temp-allocator-size-background-worker=32768"
    "memorysetup-temp-allocator-size-job-worker=262144"
    "memorysetup-temp-allocator-size-preload-manager=33554432"
    "memorysetup-temp-allocator-size-nav-mesh-worker=65536"
    "memorysetup-temp-allocator-size-audio-worker=65536"
    "memorysetup-temp-allocator-size-cloud-worker=32768"
    "memorysetup-temp-allocator-size-gi-baking-worker=262144"
    "memorysetup-temp-allocator-size-gfx=262144"
Player connection [12128] Host "[IP] 192.168.56.1 [Port] 0 [Flags] 2 [Guid] 983475785 [EditorId] 983475785 [Version] 1048832 [Id] WindowsEditor(7,nsd6803) [Debug] 1 [PackageName] WindowsEditor [ProjectName] Editor" joined multi-casting on [225.0.0.222:54997]...

Player connection [12128] Host "[IP] 192.168.56.1 [Port] 0 [Flags] 2 [Guid] 983475785 [EditorId] 983475785 [Version] 1048832 [Id] WindowsEditor(7,nsd6803) [Debug] 1 [PackageName] WindowsEditor [ProjectName] Editor" joined alternative multi-casting on [225.0.0.222:34997]...

Refreshing native plugins compatible for Editor in 59.93 ms, found 3 plugins.
Preloading 0 native plugins for Editor in 0.00 ms.
Initialize engine version: 2021.3.23f1 (213b516bf396)
[Subsystems] Discovering subsystems at path C:/Program Files/Unity/Hub/Editor/2021.3.23f1/Editor/Data/Resources/UnitySubsystems
[Subsystems] Discovering subsystems at path C:/Users/nsd68/Desktop/Unity/BeatGalaxy/Assets
GfxDevice: creating device client; threaded=0; jobified=0
Direct3D:
    Version:  Direct3D 11.0 [level 11.1]
    Renderer: NVIDIA GeForce RTX 3050 Ti Laptop GPU (ID=0x25a0)
    Vendor:   NVIDIA
    VRAM:     3976 MB
    Driver:   31.0.15.2878
Initialize mono
Mono path[0] = 'C:/Program Files/Unity/Hub/Editor/2021.3.23f1/Editor/Data/Managed'
Mono path[1] = 'C:/Program Files/Unity/Hub/Editor/2021.3.23f1/Editor/Data/MonoBleedingEdge/lib/mono/unityjit-win32'
Mono config path = 'C:/Program Files/Unity/Hub/Editor/2021.3.23f1/Editor/Data/MonoBleedingEdge/etc'
Using monoOptions --debugger-agent=transport=dt_socket,embedding=1,server=y,suspend=n,address=127.0.0.1:56572
Begin MonoManager ReloadAssembly
Registering precompiled unity dll's ...
Register platform support module: C:/Program Files/Unity/Hub/Editor/2021.3.23f1/Editor/Data/PlaybackEngines/WebGLSupport/UnityEditor.WebGL.Extensions.dll
Register platform support module: C:/Program Files/Unity/Hub/Editor/2021.3.23f1/Editor/Data/PlaybackEngines/WindowsStandaloneSupport/UnityEditor.WindowsStandalone.Extensions.dll
Registered in 0.004749 seconds.
Native extension for WindowsStandalone target not found
Native extension for WebGL target not found
Refreshing native plugins compatible for Editor in 53.23 ms, found 3 plugins.
Preloading 0 native plugins for Editor in 0.00 ms.
Mono: successfully reloaded assembly
- Completed reload, in  0.485 seconds
Domain Reload Profiling:
	ReloadAssembly (485ms)
		BeginReloadAssembly (67ms)
			ExecutionOrderSort (0ms)
			DisableScriptedObjects (0ms)
			BackupInstance (0ms)
			ReleaseScriptingObjects (0ms)
			CreateAndSetChildDomain (1ms)
		EndReloadAssembly (340ms)
			LoadAssemblies (65ms)
			RebuildTransferFunctionScriptingTraits (0ms)
			SetupTypeCache (86ms)
			ReleaseScriptCaches (0ms)
			RebuildScriptCaches (21ms)
			SetupLoadedEditorAssemblies (194ms)
				LogAssemblyErrors (0ms)
				InitializePlatformSupportModulesInManaged (7ms)
				SetLoadedEditorAssemblies (0ms)
				RefreshPlugins (53ms)
				BeforeProcessingInitializeOnLoad (1ms)
				ProcessInitializeOnLoadAttributes (98ms)
				ProcessInitializeOnLoadMethodAttributes (35ms)
				AfterProcessingInitializeOnLoad (0ms)
				EditorAssembliesLoaded (0ms)
			ExecutionOrderSort2 (0ms)
			AwakeInstancesAfterBackupRestoration (0ms)
Platform modules already initialized, skipping
Registering precompiled user dll's ...
Registered in 0.003145 seconds.
Begin MonoManager ReloadAssembly
Symbol file LoadedFromMemory doesn't match image C:\Users\nsd68\Desktop\Unity\BeatGalaxy\Library\PackageCache\com.unity.visualscripting@1.8.0\Editor\VisualScripting.Core\Dependencies\YamlDotNet\Unity.VisualScripting.YamlDotNet.dll
Symbol file LoadedFromMemory doesn't match image C:\Users\nsd68\Desktop\Unity\BeatGalaxy\Library\PackageCache\com.unity.visualscripting@1.8.0\Editor\VisualScripting.Core\Dependencies\DotNetZip\Unity.VisualScripting.IonicZip.dll
Native extension for WindowsStandalone target not found
Native extension for WebGL target not found
Refreshing native plugins compatible for Editor in 0.54 ms, found 3 plugins.
Preloading 0 native plugins for Editor in 0.00 ms.
Mono: successfully reloaded assembly
- Completed reload, in  0.732 seconds
Domain Reload Profiling:
	ReloadAssembly (733ms)
		BeginReloadAssembly (93ms)
			ExecutionOrderSort (0ms)
			DisableScriptedObjects (4ms)
			BackupInstance (0ms)
			ReleaseScriptingObjects (0ms)
			CreateAndSetChildDomain (16ms)
		EndReloadAssembly (549ms)
			LoadAssemblies (70ms)
			RebuildTransferFunctionScriptingTraits (0ms)
			SetupTypeCache (166ms)
			ReleaseScriptCaches (0ms)
			RebuildScriptCaches (39ms)
			SetupLoadedEditorAssemblies (252ms)
				LogAssemblyErrors (0ms)
				InitializePlatformSupportModulesInManaged (5ms)
				SetLoadedEditorAssemblies (0ms)
				RefreshPlugins (1ms)
				BeforeProcessingInitializeOnLoad (56ms)
				ProcessInitializeOnLoadAttributes (167ms)
				ProcessInitializeOnLoadMethodAttributes (18ms)
				AfterProcessingInitializeOnLoad (5ms)
				EditorAssembliesLoaded (0ms)
			ExecutionOrderSort2 (0ms)
			AwakeInstancesAfterBackupRestoration (5ms)
Platform modules already initialized, skipping
========================================================================
Worker process is ready to serve import requests
Launched and connected shader compiler UnityShaderCompiler.exe after 0.04 seconds
Refreshing native plugins compatible for Editor in 0.73 ms, found 3 plugins.
Preloading 0 native plugins for Editor in 0.00 ms.
Unloading 3020 Unused Serialized files (Serialized files now loaded: 0)
Unloading 21 unused Assets / (48.3 KB). Loaded Objects now: 3484.
Memory consumption went from 107.9 MB to 107.8 MB.
Total: 2.444100 ms (FindLiveObjects: 0.234400 ms CreateObjectMapping: 0.081800 ms MarkObjects: 2.047900 ms  DeleteObjects: 0.079200 ms)

AssetImportParameters requested are different than current active one (requested -> active):
  custom:video-decoder-ogg-theora: a1e56fd34408186e4bbccfd4996cb3dc -> 
  custom:container-muxer-webm: aa71ff27fc2769a1b78a27578f13a17b -> 
  custom:container-demuxer-webm: 4f35f7cbe854078d1ac9338744f61a02 -> 
  custom:video-encoder-webm-vp8: eb34c28f22e8b96e1ab97ce403110664 -> 
  custom:video-codec-MediaFoundation-h265: 746d11721c4dcdbdad8f713fa42b33f4 -> 
  custom:audio-encoder-webm-vorbis: bf7c407c2cedff20999df2af8eb42d56 -> 
  custom:framework-win-MediaFoundation: 216162199b28c13a410421893ffa2e32 -> 
  custom:container-demuxer-ogg: 62fdf1f143b41e24485cea50d1cbac27 -> 
  custom:video-decoder-webm-vp8: 9c59270c3fd7afecdb556c50c9e8de78 -> 
  custom:audio-decoder-ogg-vorbis: bf7c407c2cedff20999df2af8eb42d56 -> 
========================================================================
Received Import Request.
  Time since last request: 246819.566916 seconds.
  path: Assets/Images/SpaceShips/ShipsAnimations
  artifactKey: Guid(65452bfbc64ac14408529847bc610cf5) Importer(815301076,1909f56bfc062723c751e8b465ee728b)
Start importing Assets/Images/SpaceShips/ShipsAnimations using Guid(65452bfbc64ac14408529847bc610cf5) Importer(815301076,1909f56bfc062723c751e8b465ee728b)  -> (artifact id: '0f63956b6c61444b63ef90e35ab737a1') in 0.010809 seconds 
========================================================================
Received Import Request.
  Time since last request: 0.689420 seconds.
  path: Assets/Images/SpaceShips/ShipsAnimations/2x1 friendly ship animation
  artifactKey: Guid(e49d6bb17c379574e8fb58638ea3984f) Importer(815301076,1909f56bfc062723c751e8b465ee728b)
Start importing Assets/Images/SpaceShips/ShipsAnimations/2x1 friendly ship animation using Guid(e49d6bb17c379574e8fb58638ea3984f) Importer(815301076,1909f56bfc062723c751e8b465ee728b)  -> (artifact id: '75547f95747056bd65aed9df226a233f') in 0.006922 seconds 
========================================================================
Received Import Request.
  Time since last request: 49.031736 seconds.
  path: Assets/Images/Ships
  artifactKey: Guid(d9572d248be3a4bb5bd0078ac998a103) Importer(815301076,1909f56bfc062723c751e8b465ee728b)
Start importing Assets/Images/Ships using Guid(d9572d248be3a4bb5bd0078ac998a103) Importer(815301076,1909f56bfc062723c751e8b465ee728b)  -> (artifact id: '75509c8cc19f5879690063fe1e1e6171') in 0.005352 seconds 
========================================================================
Received Import Request.
  Time since last request: 8.792706 seconds.
  path: Assets/Images/Ships/L-shape friend
  artifactKey: Guid(29ff8f4ea3b78a34c9e9718b35621b24) Importer(815301076,1909f56bfc062723c751e8b465ee728b)
Start importing Assets/Images/Ships/L-shape friend using Guid(29ff8f4ea3b78a34c9e9718b35621b24) Importer(815301076,1909f56bfc062723c751e8b465ee728b)  -> (artifact id: 'dd6ead6c3083836aa978fccd37e01fe7') in 0.006726 seconds 
========================================================================
Received Import Request.
  Time since last request: 0.045122 seconds.
  path: Assets/Images/Ships/L-shape friend/L-shape-ship animation.png
  artifactKey: Guid(24b59ca4e80c8ec43b24c3fa6e5745b5) Importer(815301076,1909f56bfc062723c751e8b465ee728b)
Start importing Assets/Images/Ships/L-shape friend/L-shape-ship animation.png using Guid(24b59ca4e80c8ec43b24c3fa6e5745b5) Importer(815301076,1909f56bfc062723c751e8b465ee728b)  -> (artifact id: 'd41fa4747f2db37a07e1df1149f4bd90') in 0.094896 seconds 
========================================================================
Received Import Request.
  Time since last request: 7.596747 seconds.
  path: Assets/Images/Background
  artifactKey: Guid(661be5b1233594feb88570d1de60475b) Importer(815301076,1909f56bfc062723c751e8b465ee728b)
Start importing Assets/Images/Background using Guid(661be5b1233594feb88570d1de60475b) Importer(815301076,1909f56bfc062723c751e8b465ee728b)  -> (artifact id: '560f18e22647b1abe1077ce8a5a5aca2') in 0.006357 seconds 
========================================================================
Received Import Request.
  Time since last request: 0.043135 seconds.
  path: Assets/Images/Background/BG.png
  artifactKey: Guid(7063f6814c3431f47a8b95a3fabc28e3) Importer(815301076,1909f56bfc062723c751e8b465ee728b)
Start importing Assets/Images/Background/BG.png using Guid(7063f6814c3431f47a8b95a3fabc28e3) Importer(815301076,1909f56bfc062723c751e8b465ee728b)  -> (artifact id: '7ef07df76dbd39d997ab3d673e0110cb') in 0.186071 seconds 
========================================================================
Received Import Request.
  Time since last request: 0.000023 seconds.
  path: Assets/Images/Background/Space Background (1).png
  artifactKey: Guid(08a045b97d0b411429b0cf6b7a3a789c) Importer(815301076,1909f56bfc062723c751e8b465ee728b)
Start importing Assets/Images/Background/Space Background (1).png using Guid(08a045b97d0b411429b0cf6b7a3a789c) Importer(815301076,1909f56bfc062723c751e8b465ee728b)  -> (artifact id: 'd94fa943cde98dcde424d78f0930ed53') in 0.096871 seconds 
========================================================================
Received Import Request.
  Time since last request: 5.416249 seconds.
  path: Assets/Images/Planets
  artifactKey: Guid(a79c59463b5e8454181bb10c0044610c) Importer(815301076,1909f56bfc062723c751e8b465ee728b)
Start importing Assets/Images/Planets using Guid(a79c59463b5e8454181bb10c0044610c) Importer(815301076,1909f56bfc062723c751e8b465ee728b)  -> (artifact id: 'dfcb0cba5908d65203a031d1903b4806') in 0.005625 seconds 
========================================================================
Received Import Request.
  Time since last request: 0.033687 seconds.
  path: Assets/Images/Planets/Earth.png
  artifactKey: Guid(da2d8cb741a352841952b2509c7cc0ea) Importer(815301076,1909f56bfc062723c751e8b465ee728b)
Start importing Assets/Images/Planets/Earth.png using Guid(da2d8cb741a352841952b2509c7cc0ea) Importer(815301076,1909f56bfc062723c751e8b465ee728b)  -> (artifact id: '63fa291ae96d329073ad114c61eebf7c') in 0.113930 seconds 
========================================================================
Received Import Request.
  Time since last request: 18.195033 seconds.
  path: Assets/Images/Projectiles
  artifactKey: Guid(5b8a3dfc3d7e9a74fa4aa5de3a1054a4) Importer(815301076,1909f56bfc062723c751e8b465ee728b)
Start importing Assets/Images/Projectiles using Guid(5b8a3dfc3d7e9a74fa4aa5de3a1054a4) Importer(815301076,1909f56bfc062723c751e8b465ee728b)  -> (artifact id: '0ac846a9f1e7721ad0a3f3dbcab51da6') in 0.005492 seconds 
========================================================================
Received Import Request.
  Time since last request: 177.653993 seconds.
  path: Assets/Images/Planets/Earth.png
  artifactKey: Guid(da2d8cb741a352841952b2509c7cc0ea) Importer(815301076,1909f56bfc062723c751e8b465ee728b)
Start importing Assets/Images/Planets/Earth.png using Guid(da2d8cb741a352841952b2509c7cc0ea) Importer(815301076,1909f56bfc062723c751e8b465ee728b)  -> (artifact id: '506c6e268f189200d9629ff8eadcccf7') in 0.123905 seconds 
========================================================================
Received Import Request.
  Time since last request: 8.118281 seconds.
  path: Assets/Images/Planets/LockedPlanet2.png
  artifactKey: Guid(f935fe4fbe03c1d4380e397ea11fd81e) Importer(815301076,1909f56bfc062723c751e8b465ee728b)
Start importing Assets/Images/Planets/LockedPlanet2.png using Guid(f935fe4fbe03c1d4380e397ea11fd81e) Importer(815301076,1909f56bfc062723c751e8b465ee728b)  -> (artifact id: 'a3c6f86a10ade5e0199eb3c245be7cde') in 0.011047 seconds 
========================================================================
Received Import Request.
  Time since last request: 0.003744 seconds.
  path: Assets/Images/Planets/LockedPlanet1.png
  artifactKey: Guid(e31a28d3af61abf43b90ad9466db77f1) Importer(815301076,1909f56bfc062723c751e8b465ee728b)
Start importing Assets/Images/Planets/LockedPlanet1.png using Guid(e31a28d3af61abf43b90ad9466db77f1) Importer(815301076,1909f56bfc062723c751e8b465ee728b)  -> (artifact id: '3367c752cb9cd86fc29bb42facdc922b') in 0.012008 seconds 
========================================================================
Received Import Request.
  Time since last request: 5.917578 seconds.
  path: Assets/Images/Ships/1x1 enemy classic
  artifactKey: Guid(fc0682522aa29494aaa7d8160a282ba8) Importer(815301076,1909f56bfc062723c751e8b465ee728b)
Start importing Assets/Images/Ships/1x1 enemy classic using Guid(fc0682522aa29494aaa7d8160a282ba8) Importer(815301076,1909f56bfc062723c751e8b465ee728b)  -> (artifact id: '737332a4575071ab97acc81af946dcf2') in 0.006217 seconds 
========================================================================
Received Import Request.
  Time since last request: 0.088377 seconds.
  path: Assets/Images/Ships/1x1 enemy classic/1x1 enemy ship classic with animation-sheet.png
  artifactKey: Guid(cc5b525dfa1fff948a6e73f3f6ad1154) Importer(815301076,1909f56bfc062723c751e8b465ee728b)
Start importing Assets/Images/Ships/1x1 enemy classic/1x1 enemy ship classic with animation-sheet.png using Guid(cc5b525dfa1fff948a6e73f3f6ad1154) Importer(815301076,1909f56bfc062723c751e8b465ee728b)  -> (artifact id: '767a9ecbb4c543cf7ecbde1d4e51caed') in 0.012867 seconds 
========================================================================
Received Import Request.
  Time since last request: 5.185118 seconds.
  path: Assets/Images/Pallete/backyard.asset
  artifactKey: Guid(98da99c0ce7b0f34aa770d5926db84d7) Importer(815301076,1909f56bfc062723c751e8b465ee728b)
Start importing Assets/Images/Pallete/backyard.asset using Guid(98da99c0ce7b0f34aa770d5926db84d7) Importer(815301076,1909f56bfc062723c751e8b465ee728b)  -> (artifact id: '89298d9a30c68ef6994e1fecff4439db') in 0.013529 seconds 
========================================================================
Received Import Request.
  Time since last request: 0.000022 seconds.
  path: Assets/Images/Pallete/Bullet2.asset
  artifactKey: Guid(2e76587ae714f174e80972ad1401acff) Importer(815301076,1909f56bfc062723c751e8b465ee728b)
Start importing Assets/Images/Pallete/Bullet2.asset using Guid(2e76587ae714f174e80972ad1401acff) Importer(815301076,1909f56bfc062723c751e8b465ee728b)  -> (artifact id: '4d7ac78c04576498ea845ee94f499013') in 0.009253 seconds 
========================================================================
Received Import Request.
  Time since last request: 0.000034 seconds.
  path: Assets/Images/Pallete/cookie.asset
  artifactKey: Guid(170425e58d2a7bc41baee8af9af0e2ee) Importer(815301076,1909f56bfc062723c751e8b465ee728b)
Start importing Assets/Images/Pallete/cookie.asset using Guid(170425e58d2a7bc41baee8af9af0e2ee) Importer(815301076,1909f56bfc062723c751e8b465ee728b)  -> (artifact id: 'c9a7deb056c8bb0a19883ea2cf109934') in 0.010546 seconds 
========================================================================
Received Import Request.
  Time since last request: 0.000028 seconds.
  path: Assets/Images/Pallete/Polozenie.prefab
  artifactKey: Guid(adc4ba97435c5ec4682c608e89800cd3) Importer(815301076,1909f56bfc062723c751e8b465ee728b)
Start importing Assets/Images/Pallete/Polozenie.prefab using Guid(adc4ba97435c5ec4682c608e89800cd3) Importer(815301076,1909f56bfc062723c751e8b465ee728b)  -> (artifact id: '95289fda064b30d02999579734bc5fcd') in 0.056926 seconds 
Editor requested this worker to shutdown with reason: Scaling down because of idle timeout
AssetImportWorker is now disconnected from the server
Process exiting
Exiting without the bug reporter. Application will terminate with return code 0