Using pre-set license
Built from '2021.3/staging' branch; Version is '2021.3.23f1 (213b516bf396) revision 2177873'; Using compiler version '192829333'; Build Type 'Release'
OS: 'Windows 11  (10.0.22000) 64bit Core' Language: 'ru' Physical Memory: 16005 MB
BatchMode: 1, IsHumanControllingUs: 0, StartBugReporterOnCrash: 0, Is64bit: 1, IsPro: 1

COMMAND LINE ARGUMENTS:
C:\Program Files\Unity\Hub\Editor\2021.3.23f1\Editor\Unity.exe
-adb2
-batchMode
-noUpm
-name
AssetImportWorker5
-projectPath
C:/Users/nsd68/Desktop/Unity/BeatGalaxy
-logFile
Logs/AssetImportWorker5.log
-srvPort
60622
Successfully changed project path to: C:/Users/nsd68/Desktop/Unity/BeatGalaxy
C:/Users/nsd68/Desktop/Unity/BeatGalaxy
[UnityMemory] Configuration Parameters - Can be set up in boot.config
    "memorysetup-bucket-allocator-granularity=16"
    "memorysetup-bucket-allocator-bucket-count=8"
    "memorysetup-bucket-allocator-block-size=33554432"
    "memorysetup-bucket-allocator-block-count=8"
    "memorysetup-main-allocator-block-size=16777216"
    "memorysetup-thread-allocator-block-size=16777216"
    "memorysetup-gfx-main-allocator-block-size=16777216"
    "memorysetup-gfx-thread-allocator-block-size=16777216"
    "memorysetup-cache-allocator-block-size=4194304"
    "memorysetup-typetree-allocator-block-size=2097152"
    "memorysetup-profiler-bucket-allocator-granularity=16"
    "memorysetup-profiler-bucket-allocator-bucket-count=8"
    "memorysetup-profiler-bucket-allocator-block-size=33554432"
    "memorysetup-profiler-bucket-allocator-block-count=8"
    "memorysetup-profiler-allocator-block-size=16777216"
    "memorysetup-profiler-editor-allocator-block-size=1048576"
    "memorysetup-temp-allocator-size-main=16777216"
    "memorysetup-job-temp-allocator-block-size=2097152"
    "memorysetup-job-temp-allocator-block-size-background=1048576"
    "memorysetup-job-temp-allocator-reduction-small-platforms=262144"
    "memorysetup-temp-allocator-size-background-worker=32768"
    "memorysetup-temp-allocator-size-job-worker=262144"
    "memorysetup-temp-allocator-size-preload-manager=33554432"
    "memorysetup-temp-allocator-size-nav-mesh-worker=65536"
    "memorysetup-temp-allocator-size-audio-worker=65536"
    "memorysetup-temp-allocator-size-cloud-worker=32768"
    "memorysetup-temp-allocator-size-gi-baking-worker=262144"
    "memorysetup-temp-allocator-size-gfx=262144"
Player connection [18468] Host "[IP] 192.168.56.1 [Port] 0 [Flags] 2 [Guid] 2051456722 [EditorId] 2051456722 [Version] 1048832 [Id] WindowsEditor(7,nsd6803) [Debug] 1 [PackageName] WindowsEditor [ProjectName] Editor" joined multi-casting on [225.0.0.222:54997]...

Player connection [18468] Host "[IP] 192.168.56.1 [Port] 0 [Flags] 2 [Guid] 2051456722 [EditorId] 2051456722 [Version] 1048832 [Id] WindowsEditor(7,nsd6803) [Debug] 1 [PackageName] WindowsEditor [ProjectName] Editor" joined alternative multi-casting on [225.0.0.222:34997]...

Refreshing native plugins compatible for Editor in 57.86 ms, found 3 plugins.
Preloading 0 native plugins for Editor in 0.00 ms.
Initialize engine version: 2021.3.23f1 (213b516bf396)
[Subsystems] Discovering subsystems at path C:/Program Files/Unity/Hub/Editor/2021.3.23f1/Editor/Data/Resources/UnitySubsystems
[Subsystems] Discovering subsystems at path C:/Users/nsd68/Desktop/Unity/BeatGalaxy/Assets
GfxDevice: creating device client; threaded=0; jobified=0
Direct3D:
    Version:  Direct3D 11.0 [level 11.1]
    Renderer: NVIDIA GeForce RTX 3050 Ti Laptop GPU (ID=0x25a0)
    Vendor:   NVIDIA
    VRAM:     3976 MB
    Driver:   31.0.15.2878
Initialize mono
Mono path[0] = 'C:/Program Files/Unity/Hub/Editor/2021.3.23f1/Editor/Data/Managed'
Mono path[1] = 'C:/Program Files/Unity/Hub/Editor/2021.3.23f1/Editor/Data/MonoBleedingEdge/lib/mono/unityjit-win32'
Mono config path = 'C:/Program Files/Unity/Hub/Editor/2021.3.23f1/Editor/Data/MonoBleedingEdge/etc'
Using monoOptions --debugger-agent=transport=dt_socket,embedding=1,server=y,suspend=n,address=127.0.0.1:56068
Begin MonoManager ReloadAssembly
Registering precompiled unity dll's ...
Register platform support module: C:/Program Files/Unity/Hub/Editor/2021.3.23f1/Editor/Data/PlaybackEngines/WebGLSupport/UnityEditor.WebGL.Extensions.dll
Register platform support module: C:/Program Files/Unity/Hub/Editor/2021.3.23f1/Editor/Data/PlaybackEngines/WindowsStandaloneSupport/UnityEditor.WindowsStandalone.Extensions.dll
Registered in 0.004685 seconds.
Native extension for WindowsStandalone target not found
Native extension for WebGL target not found
Refreshing native plugins compatible for Editor in 54.76 ms, found 3 plugins.
Preloading 0 native plugins for Editor in 0.00 ms.
Mono: successfully reloaded assembly
- Completed reload, in  0.484 seconds
Domain Reload Profiling:
	ReloadAssembly (485ms)
		BeginReloadAssembly (67ms)
			ExecutionOrderSort (0ms)
			DisableScriptedObjects (0ms)
			BackupInstance (0ms)
			ReleaseScriptingObjects (0ms)
			CreateAndSetChildDomain (1ms)
		EndReloadAssembly (339ms)
			LoadAssemblies (65ms)
			RebuildTransferFunctionScriptingTraits (0ms)
			SetupTypeCache (82ms)
			ReleaseScriptCaches (0ms)
			RebuildScriptCaches (21ms)
			SetupLoadedEditorAssemblies (195ms)
				LogAssemblyErrors (0ms)
				InitializePlatformSupportModulesInManaged (7ms)
				SetLoadedEditorAssemblies (0ms)
				RefreshPlugins (55ms)
				BeforeProcessingInitializeOnLoad (1ms)
				ProcessInitializeOnLoadAttributes (97ms)
				ProcessInitializeOnLoadMethodAttributes (35ms)
				AfterProcessingInitializeOnLoad (0ms)
				EditorAssembliesLoaded (0ms)
			ExecutionOrderSort2 (0ms)
			AwakeInstancesAfterBackupRestoration (0ms)
Platform modules already initialized, skipping
Registering precompiled user dll's ...
Registered in 0.003101 seconds.
Begin MonoManager ReloadAssembly
Symbol file LoadedFromMemory doesn't match image C:\Users\nsd68\Desktop\Unity\BeatGalaxy\Library\PackageCache\com.unity.visualscripting@1.8.0\Editor\VisualScripting.Core\Dependencies\YamlDotNet\Unity.VisualScripting.YamlDotNet.dll
Symbol file LoadedFromMemory doesn't match image C:\Users\nsd68\Desktop\Unity\BeatGalaxy\Library\PackageCache\com.unity.visualscripting@1.8.0\Editor\VisualScripting.Core\Dependencies\DotNetZip\Unity.VisualScripting.IonicZip.dll
Native extension for WindowsStandalone target not found
Native extension for WebGL target not found
Refreshing native plugins compatible for Editor in 0.42 ms, found 3 plugins.
Preloading 0 native plugins for Editor in 0.00 ms.
Mono: successfully reloaded assembly
- Completed reload, in  0.729 seconds
Domain Reload Profiling:
	ReloadAssembly (730ms)
		BeginReloadAssembly (92ms)
			ExecutionOrderSort (0ms)
			DisableScriptedObjects (4ms)
			BackupInstance (0ms)
			ReleaseScriptingObjects (0ms)
			CreateAndSetChildDomain (16ms)
		EndReloadAssembly (545ms)
			LoadAssemblies (67ms)
			RebuildTransferFunctionScriptingTraits (0ms)
			SetupTypeCache (163ms)
			ReleaseScriptCaches (1ms)
			RebuildScriptCaches (39ms)
			SetupLoadedEditorAssemblies (253ms)
				LogAssemblyErrors (0ms)
				InitializePlatformSupportModulesInManaged (4ms)
				SetLoadedEditorAssemblies (0ms)
				RefreshPlugins (0ms)
				BeforeProcessingInitializeOnLoad (55ms)
				ProcessInitializeOnLoadAttributes (169ms)
				ProcessInitializeOnLoadMethodAttributes (17ms)
				AfterProcessingInitializeOnLoad (6ms)
				EditorAssembliesLoaded (0ms)
			ExecutionOrderSort2 (0ms)
			AwakeInstancesAfterBackupRestoration (5ms)
Platform modules already initialized, skipping
========================================================================
Worker process is ready to serve import requests
Launched and connected shader compiler UnityShaderCompiler.exe after 0.04 seconds
Refreshing native plugins compatible for Editor in 0.62 ms, found 3 plugins.
Preloading 0 native plugins for Editor in 0.00 ms.
Unloading 3020 Unused Serialized files (Serialized files now loaded: 0)
Unloading 21 unused Assets / (48.3 KB). Loaded Objects now: 3484.
Memory consumption went from 107.9 MB to 107.8 MB.
Total: 2.845800 ms (FindLiveObjects: 0.249100 ms CreateObjectMapping: 0.122900 ms MarkObjects: 2.355400 ms  DeleteObjects: 0.117600 ms)

AssetImportParameters requested are different than current active one (requested -> active):
  custom:video-decoder-ogg-theora: a1e56fd34408186e4bbccfd4996cb3dc -> 
  custom:container-muxer-webm: aa71ff27fc2769a1b78a27578f13a17b -> 
  custom:container-demuxer-webm: 4f35f7cbe854078d1ac9338744f61a02 -> 
  custom:video-encoder-webm-vp8: eb34c28f22e8b96e1ab97ce403110664 -> 
  custom:video-codec-MediaFoundation-h265: 746d11721c4dcdbdad8f713fa42b33f4 -> 
  custom:audio-encoder-webm-vorbis: bf7c407c2cedff20999df2af8eb42d56 -> 
  custom:framework-win-MediaFoundation: 216162199b28c13a410421893ffa2e32 -> 
  custom:container-demuxer-ogg: 62fdf1f143b41e24485cea50d1cbac27 -> 
  custom:video-decoder-webm-vp8: 9c59270c3fd7afecdb556c50c9e8de78 -> 
  custom:audio-decoder-ogg-vorbis: bf7c407c2cedff20999df2af8eb42d56 -> 
========================================================================
Received Import Request.
  Time since last request: 246885.918545 seconds.
  path: Assets/Images/Background/SelectorBackground.png
  artifactKey: Guid(4452c084d74a46d42b1f8e732f041fb9) Importer(815301076,1909f56bfc062723c751e8b465ee728b)
Start importing Assets/Images/Background/SelectorBackground.png using Guid(4452c084d74a46d42b1f8e732f041fb9) Importer(815301076,1909f56bfc062723c751e8b465ee728b)  -> (artifact id: 'fc1c7a7729cb4f01c9f5b49ea43ca299') in 0.260461 seconds 
========================================================================
Received Import Request.
  Time since last request: 0.000024 seconds.
  path: Assets/Images/Background/Space Background.png
  artifactKey: Guid(44b3b918616bd6b4ca66df55957b9b31) Importer(815301076,1909f56bfc062723c751e8b465ee728b)
Start importing Assets/Images/Background/Space Background.png using Guid(44b3b918616bd6b4ca66df55957b9b31) Importer(815301076,1909f56bfc062723c751e8b465ee728b)  -> (artifact id: '3aa54a960b5deae716c838924b4ccf33') in 0.109858 seconds 
========================================================================
Received Import Request.
  Time since last request: 5.371691 seconds.
  path: Assets/Images/Planets/LockedPlanet1.png
  artifactKey: Guid(e31a28d3af61abf43b90ad9466db77f1) Importer(815301076,1909f56bfc062723c751e8b465ee728b)
Start importing Assets/Images/Planets/LockedPlanet1.png using Guid(e31a28d3af61abf43b90ad9466db77f1) Importer(815301076,1909f56bfc062723c751e8b465ee728b)  -> (artifact id: '370581d6249fcf521d7d6d4c3cc019dd') in 0.012537 seconds 
========================================================================
Received Import Request.
  Time since last request: 0.000026 seconds.
  path: Assets/Images/Planets/LockedPlanet2.png
  artifactKey: Guid(f935fe4fbe03c1d4380e397ea11fd81e) Importer(815301076,1909f56bfc062723c751e8b465ee728b)
Start importing Assets/Images/Planets/LockedPlanet2.png using Guid(f935fe4fbe03c1d4380e397ea11fd81e) Importer(815301076,1909f56bfc062723c751e8b465ee728b)  -> (artifact id: '08da5f2001226da73d58755cb159b71e') in 0.012791 seconds 
========================================================================
Received Import Request.
  Time since last request: 0.000023 seconds.
  path: Assets/Images/Planets/Victory_Planet.png
  artifactKey: Guid(d6df275007fd6484e89cd6920c23e466) Importer(815301076,1909f56bfc062723c751e8b465ee728b)
Start importing Assets/Images/Planets/Victory_Planet.png using Guid(d6df275007fd6484e89cd6920c23e466) Importer(815301076,1909f56bfc062723c751e8b465ee728b)  -> (artifact id: 'd8a462f3e8b64205ffaf96292c701998') in 0.029525 seconds 
========================================================================
Received Import Request.
  Time since last request: 204.174654 seconds.
  path: Assets/Images/Planets/Victory_Planet.png
  artifactKey: Guid(d6df275007fd6484e89cd6920c23e466) Importer(815301076,1909f56bfc062723c751e8b465ee728b)
Start importing Assets/Images/Planets/Victory_Planet.png using Guid(d6df275007fd6484e89cd6920c23e466) Importer(815301076,1909f56bfc062723c751e8b465ee728b)  -> (artifact id: '56812fd250f32393067489741385ada5') in 0.028709 seconds 
========================================================================
Received Import Request.
  Time since last request: 11.198837 seconds.
  path: Assets/Images/Pallete/Bullet1.asset
  artifactKey: Guid(e708d0c7dc68b3346aa19dde5c9a680b) Importer(815301076,1909f56bfc062723c751e8b465ee728b)
Start importing Assets/Images/Pallete/Bullet1.asset using Guid(e708d0c7dc68b3346aa19dde5c9a680b) Importer(815301076,1909f56bfc062723c751e8b465ee728b)  -> (artifact id: 'f9a38df89f7f76e97959e4657d1aa754') in 0.013107 seconds 
========================================================================
Received Import Request.
  Time since last request: 0.000027 seconds.
  path: Assets/Images/Pallete/HealthBar.asset
  artifactKey: Guid(c1caa4e96b1132548a809806bc1f9eae) Importer(815301076,1909f56bfc062723c751e8b465ee728b)
Start importing Assets/Images/Pallete/HealthBar.asset using Guid(c1caa4e96b1132548a809806bc1f9eae) Importer(815301076,1909f56bfc062723c751e8b465ee728b)  -> (artifact id: 'f8af5c19f5e7fba8f34d44e23d8e9a39') in 0.007916 seconds 
========================================================================
Received Import Request.
  Time since last request: 0.000031 seconds.
  path: Assets/Images/Pallete/Space Background.asset
  artifactKey: Guid(bbc61cd876246684ea606e1606cb4853) Importer(815301076,1909f56bfc062723c751e8b465ee728b)
Start importing Assets/Images/Pallete/Space Background.asset using Guid(bbc61cd876246684ea606e1606cb4853) Importer(815301076,1909f56bfc062723c751e8b465ee728b)  -> (artifact id: '7d77673a02f608040666a0443275cc17') in 0.021251 seconds 
Editor requested this worker to shutdown with reason: Scaling down because of idle timeout
AssetImportWorker is now disconnected from the server
Process exiting
Exiting without the bug reporter. Application will terminate with return code 0